<?xml version="1.0" encoding="utf-8" standalone="no"?>
<test-results xmlns:xsi="http://www.w3.org/2001/XMLSchema-instance" xsi:noNamespaceSchemaLocation="nunit_schema_2.5.xsd" name="Pester" total="1" errors="0" failures="1" not-run="0" inconclusive="0" ignored="0" skipped="0" invalid="0" date="2017-03-27" time="18:09:05">
  <environment user="Robert" machine-name="DESKTOP-LTI8EO2" cwd="D:\code\PowerShell\PowerWorks" user-domain="DESKTOP-LTI8EO2" platform="Microsoft Windows 10 Pro|C:\WINDOWS|\Device\Harddisk1\Partition2" nunit-version="2.5.8.0" os-version="10.0.14393" clr-version="4.0.30319.42000" />
  <culture-info current-culture="en-US" current-uiculture="en-US" />
  <test-suite type="PowerShell" name="Pester" executed="True" result="Failure" success="False" time="0.1238" asserts="0">
    <results>
      <test-suite type="TestFixture" name="Error in D:\code\PowerShell\PowerWorks\Tests\Help.Tests.ps1" executed="True" result="Failure" success="False" time="0.1238" asserts="0" description="Error in D:\code\PowerShell\PowerWorks\Tests\Help.Tests.ps1">
        <results>
          <test-case description="Error occurred in test script 'D:\code\PowerShell\PowerWorks\Tests\Help.Tests.ps1'" name="Error in D:\code\PowerShell\PowerWorks\Tests\Help.Tests.ps1.Error occurred in test script 'D:\code\PowerShell\PowerWorks\Tests\Help.Tests.ps1'" time="0.1238" asserts="0" success="False" result="Failure" executed="True">
            <failure>
              <message>The specified module 'D:\code\PowerShell\PowerWorks\Build\Build PowerWorks.psd1' was not loaded because no valid module file was found in any module directory.</message>
              <stack-trace>at &lt;ScriptBlock&gt;, D:\code\PowerShell\PowerWorks\Tests\Help.Tests.ps1: line 5</stack-trace>
            </failure>
          </test-case>
        </results>
      </test-suite>
    </results>
  </test-suite>
</test-results>